2024-10-13 22:41:39,904 - question_page - INFO - Vosk模型初始化成功
2024-10-13 22:41:40,310 - question_page - INFO - UI初始化完成
2024-10-13 22:41:40,768 - question_page - INFO - Vosk模型初始化成功
2024-10-13 22:41:40,798 - question_page - INFO - UI初始化完成
2024-10-13 22:41:41,235 - question_page - INFO - Vosk模型初始化成功
2024-10-13 22:41:41,254 - question_page - INFO - UI初始化完成
2024-10-13 22:41:46,258 - question_page - INFO - 开始录音
2024-10-13 22:41:46,693 - question_page - DEBUG - 接收到音频数据，大小：8192 字节，音量：0.27392578125
2024-10-13 22:41:46,953 - question_page - DEBUG - 接收到音频数据，大小：8192 字节，音量：0.231201171875
2024-10-13 22:41:47,202 - question_page - DEBUG - 接收到音频数据，大小：8192 字节，音量：0.230224609375
2024-10-13 22:41:47,462 - question_page - DEBUG - 接收到音频数据，大小：8192 字节，音量：0.52685546875
2024-10-13 22:41:47,717 - question_page - DEBUG - 接收到音频数据，大小：8192 字节，音量：7356.3818359375
2024-10-13 22:41:47,972 - question_page - DEBUG - 接收到音频数据，大小：8192 字节，音量：9868.232666015625
2024-10-13 22:41:48,232 - question_page - DEBUG - 接收到音频数据，大小：8192 字节，音量：7536.89990234375
2024-10-13 22:41:48,376 - question_page - INFO - 停止录音
2024-10-13 22:41:48,512 - question_page - INFO - 音频数据大小: 57344 字节
2024-10-13 22:41:48,948 - question_page - INFO - 最终识别结果: {'text': '啊'}
2024-10-13 22:41:48,948 - question_page - INFO - 处理后的识别结果: 啊
2024-10-13 22:41:48,948 - question_page - INFO - 正确答案: 啊
2024-10-13 22:41:48,948 - question_page - INFO - 答案相似度: 1.0
2024-10-13 22:41:48,948 - question_page - INFO - 回答正确
2024-10-13 22:41:52,681 - question_page - INFO - 开始录音
2024-10-13 22:41:53,094 - question_page - DEBUG - 接收到音频数据，大小：8192 字节，音量：0.236328125
2024-10-13 22:41:53,354 - question_page - DEBUG - 接收到音频数据，大小：8192 字节，音量：0.228759765625
2024-10-13 22:41:53,604 - question_page - DEBUG - 接收到音频数据，大小：8192 字节，音量：0.229248046875
2024-10-13 22:41:53,863 - question_page - DEBUG - 接收到音频数据，大小：8192 字节，音量：4165.064697265625
2024-10-13 22:41:54,118 - question_page - DEBUG - 接收到音频数据，大小：8192 字节，音量：3564.896484375
2024-10-13 22:41:54,373 - question_page - DEBUG - 接收到音频数据，大小：8192 字节，音量：1318.6982421875
2024-10-13 22:41:54,634 - question_page - DEBUG - 接收到音频数据，大小：8192 字节，音量：148.326416015625
2024-10-13 22:41:54,884 - question_page - DEBUG - 接收到音频数据，大小：8192 字节，音量：1366.263916015625
2024-10-13 22:41:55,143 - question_page - DEBUG - 接收到音频数据，大小：8192 字节，音量：252.939453125
2024-10-13 22:41:55,398 - question_page - DEBUG - 接收到音频数据，大小：8192 字节，音量：1952.6689453125
2024-10-13 22:41:55,541 - question_page - INFO - 停止录音
2024-10-13 22:41:55,683 - question_page - INFO - 音频数据大小: 81920 字节
2024-10-13 22:41:56,586 - question_page - INFO - 最终识别结果: {'text': '啊 比 不 高'}
2024-10-13 22:41:56,586 - question_page - INFO - 处理后的识别结果: 啊 比 不 高
2024-10-13 22:41:56,586 - question_page - INFO - 正确答案: 芭比不博
2024-10-13 22:41:56,586 - question_page - INFO - 答案相似度: 0.5
2024-10-13 22:41:56,587 - question_page - INFO - 回答接近正确
2024-10-13 22:42:00,733 - question_page - INFO - 开始录音
2024-10-13 22:42:01,159 - question_page - DEBUG - 接收到音频数据，大小：8192 字节，音量：0.233642578125
2024-10-13 22:42:01,420 - question_page - DEBUG - 接收到音频数据，大小：8192 字节，音量：0.232177734375
2024-10-13 22:42:01,670 - question_page - DEBUG - 接收到音频数据，大小：8192 字节，音量：0.2294921875
2024-10-13 22:42:01,929 - question_page - DEBUG - 接收到音频数据，大小：8192 字节，音量：36.339111328125
2024-10-13 22:42:02,185 - question_page - DEBUG - 接收到音频数据，大小：8192 字节，音量：6659.59521484375
2024-10-13 22:42:02,440 - question_page - DEBUG - 接收到音频数据，大小：8192 字节，音量：2055.037109375
2024-10-13 22:42:02,700 - question_page - DEBUG - 接收到音频数据，大小：8192 字节，音量：1786.2158203125
2024-10-13 22:42:02,948 - question_page - DEBUG - 接收到音频数据，大小：8192 字节，音量：365.6708984375
2024-10-13 22:42:03,209 - question_page - DEBUG - 接收到音频数据，大小：8192 字节，音量：1320.103515625
2024-10-13 22:42:03,464 - question_page - DEBUG - 接收到音频数据，大小：8192 字节，音量：1468.234619140625
2024-10-13 22:42:03,720 - question_page - DEBUG - 接收到音频数据，大小：8192 字节，音量：1049.883544921875
2024-10-13 22:42:03,847 - question_page - INFO - 停止录音
2024-10-13 22:42:04,002 - question_page - INFO - 音频数据大小: 90112 字节
2024-10-13 22:42:04,675 - question_page - INFO - 最终识别结果: {'text': '啊 嗯 哦 哦'}
2024-10-13 22:42:04,675 - question_page - INFO - 处理后的识别结果: 啊 嗯 哦 哦
2024-10-13 22:42:04,675 - question_page - INFO - 正确答案: 芭比不博
2024-10-13 22:42:04,675 - question_page - INFO - 答案相似度: 0.0
2024-10-13 22:42:04,675 - question_page - INFO - 回答错误
2024-10-13 22:42:06,438 - question_page - INFO - 开始录音
2024-10-13 22:42:06,853 - question_page - DEBUG - 接收到音频数据，大小：8192 字节，音量：0.24072265625
2024-10-13 22:42:07,113 - question_page - DEBUG - 接收到音频数据，大小：8192 字节，音量：0.230224609375
2024-10-13 22:42:07,363 - question_page - DEBUG - 接收到音频数据，大小：8192 字节，音量：0.229736328125
2024-10-13 22:42:07,624 - question_page - DEBUG - 接收到音频数据，大小：8192 字节，音量：0.23681640625
2024-10-13 22:42:07,878 - question_page - DEBUG - 接收到音频数据，大小：8192 字节，音量：3437.66357421875
2024-10-13 22:42:08,133 - question_page - DEBUG - 接收到音频数据，大小：8192 字节，音量：9279.96240234375
2024-10-13 22:42:08,393 - question_page - DEBUG - 接收到音频数据，大小：8192 字节，音量：720.40478515625
2024-10-13 22:42:08,643 - question_page - DEBUG - 接收到音频数据，大小：8192 字节，音量：479.66064453125
2024-10-13 22:42:08,902 - question_page - DEBUG - 接收到音频数据，大小：8192 字节，音量：520.682373046875
2024-10-13 22:42:09,158 - question_page - DEBUG - 接收到音频数据，大小：8192 字节，音量：2494.92431640625
2024-10-13 22:42:09,413 - question_page - DEBUG - 接收到音频数据，大小：8192 字节，音量：1614.55126953125
2024-10-13 22:42:09,519 - question_page - INFO - 停止录音
2024-10-13 22:42:09,696 - question_page - INFO - 音频数据大小: 90112 字节
2024-10-13 22:42:09,840 - question_page - INFO - 最终识别结果: {'text': '啊 并 不 薄'}
2024-10-13 22:42:09,841 - question_page - INFO - 处理后的识别结果: 啊 并 不 薄
2024-10-13 22:42:09,841 - question_page - INFO - 正确答案: 芭比不博
2024-10-13 22:42:09,841 - question_page - INFO - 答案相似度: 0.25
2024-10-13 22:42:09,841 - question_page - INFO - 回答错误
2024-10-13 22:42:16,400 - question_page - INFO - 开始录音
2024-10-13 22:42:16,807 - question_page - DEBUG - 接收到音频数据，大小：8192 字节，音量：0.26611328125
2024-10-13 22:42:17,066 - question_page - DEBUG - 接收到音频数据，大小：8192 字节，音量：0.239990234375
2024-10-13 22:42:17,316 - question_page - DEBUG - 接收到音频数据，大小：8192 字节，音量：0.23046875
2024-10-13 22:42:17,576 - question_page - DEBUG - 接收到音频数据，大小：8192 字节，音量：2019.977294921875
2024-10-13 22:42:17,831 - question_page - DEBUG - 接收到音频数据，大小：8192 字节，音量：4941.212158203125
2024-10-13 22:42:18,085 - question_page - DEBUG - 接收到音频数据，大小：8192 字节，音量：954.2392578125
2024-10-13 22:42:18,345 - question_page - DEBUG - 接收到音频数据，大小：8192 字节，音量：1568.69287109375
2024-10-13 22:42:18,596 - question_page - DEBUG - 接收到音频数据，大小：8192 字节，音量：257.5263671875
2024-10-13 22:42:18,856 - question_page - DEBUG - 接收到音频数据，大小：8192 字节，音量：2832.40185546875
2024-10-13 22:42:19,112 - question_page - DEBUG - 接收到音频数据，大小：8192 字节，音量：569.806884765625
2024-10-13 22:42:19,366 - question_page - DEBUG - 接收到音频数据，大小：8192 字节，音量：1339.350341796875
2024-10-13 22:42:19,626 - question_page - DEBUG - 接收到音频数据，大小：8192 字节，音量：2146.00048828125
2024-10-13 22:42:19,734 - question_page - INFO - 停止录音
2024-10-13 22:42:19,903 - question_page - INFO - 音频数据大小: 98304 字节
2024-10-13 22:42:20,148 - question_page - INFO - 最终识别结果: {'text': '爸 比 不 薄'}
2024-10-13 22:42:20,149 - question_page - INFO - 处理后的识别结果: 爸 比 不 薄
2024-10-13 22:42:20,149 - question_page - INFO - 正确答案: 芭比不博
2024-10-13 22:42:20,149 - question_page - INFO - 答案相似度: 0.5
2024-10-13 22:42:20,149 - question_page - INFO - 回答接近正确
2024-10-13 22:45:31,489 - question_page - INFO - Vosk模型初始化成功
2024-10-13 22:45:31,854 - question_page - INFO - UI初始化完成
2024-10-13 22:45:32,274 - question_page - INFO - Vosk模型初始化成功
2024-10-13 22:45:32,303 - question_page - INFO - UI初始化完成
2024-10-13 22:45:32,706 - question_page - INFO - Vosk模型初始化成功
2024-10-13 22:45:32,736 - question_page - INFO - UI初始化完成
2024-10-13 22:45:39,369 - question_page - INFO - 开始录音
2024-10-13 22:45:39,782 - question_page - DEBUG - 接收到音频数据，大小：8192 字节，音量：0.24755859375
2024-10-13 22:45:40,043 - question_page - DEBUG - 接收到音频数据，大小：8192 字节，音量：0.2294921875
2024-10-13 22:45:40,293 - question_page - DEBUG - 接收到音频数据，大小：8192 字节，音量：0.22998046875
2024-10-13 22:45:40,553 - question_page - DEBUG - 接收到音频数据，大小：8192 字节，音量：0.625
2024-10-13 22:45:40,809 - question_page - DEBUG - 接收到音频数据，大小：8192 字节，音量：6530.3857421875
2024-10-13 22:45:41,063 - question_page - DEBUG - 接收到音频数据，大小：8192 字节，音量：7941.426025390625
2024-10-13 22:45:41,323 - question_page - DEBUG - 接收到音频数据，大小：8192 字节，音量：5785.22509765625
2024-10-13 22:45:41,395 - question_page - INFO - 停止录音
2024-10-13 22:45:41,603 - question_page - INFO - 音频数据大小: 57344 字节
2024-10-13 22:45:41,930 - question_page - INFO - 最终识别结果: {'text': '啊'}
2024-10-13 22:45:41,930 - question_page - INFO - 处理后的识别结果: 啊
2024-10-13 22:45:41,930 - question_page - INFO - 正确答案: 啊
2024-10-13 22:45:41,930 - question_page - INFO - 用户回答: 啊
2024-10-13 22:45:41,930 - question_page - INFO - 识别文本拼音: a
2024-10-13 22:45:41,930 - question_page - INFO - 正确答案拼音: a
2024-10-13 22:45:41,930 - question_page - INFO - 拼音相似度: 1.0
2024-10-13 22:45:41,930 - question_page - INFO - 回答正确
2024-10-13 22:45:43,508 - question_page - INFO - 开始录音
2024-10-13 22:45:43,908 - question_page - DEBUG - 接收到音频数据，大小：8192 字节，音量：0.242919921875
2024-10-13 22:45:44,169 - question_page - DEBUG - 接收到音频数据，大小：8192 字节，音量：0.24755859375
2024-10-13 22:45:44,420 - question_page - DEBUG - 接收到音频数据，大小：8192 字节，音量：0.229248046875
2024-10-13 22:45:44,680 - question_page - DEBUG - 接收到音频数据，大小：8192 字节，音量：1189.64599609375
2024-10-13 22:45:44,935 - question_page - DEBUG - 接收到音频数据，大小：8192 字节，音量：5372.338134765625
2024-10-13 22:45:45,189 - question_page - DEBUG - 接收到音频数据，大小：8192 字节，音量：1069.45751953125
2024-10-13 22:45:45,449 - question_page - DEBUG - 接收到音频数据，大小：8192 字节，音量：688.87255859375
2024-10-13 22:45:45,698 - question_page - DEBUG - 接收到音频数据，大小：8192 字节，音量：438.43603515625
2024-10-13 22:45:45,959 - question_page - DEBUG - 接收到音频数据，大小：8192 字节，音量：400.8271484375
2024-10-13 22:45:46,213 - question_page - INFO - 停止录音
2024-10-13 22:45:46,250 - question_page - INFO - 音频数据大小: 73728 字节
2024-10-13 22:45:47,092 - question_page - INFO - 最终识别结果: {'text': '啊 比 家'}
2024-10-13 22:45:47,092 - question_page - INFO - 处理后的识别结果: 啊 比 家
2024-10-13 22:45:47,092 - question_page - INFO - 正确答案: 芭比不博
2024-10-13 22:45:47,093 - question_page - INFO - 用户回答: 啊 比 家
2024-10-13 22:45:47,093 - question_page - INFO - 识别文本拼音: a bi jia
2024-10-13 22:45:47,093 - question_page - INFO - 正确答案拼音: babibubo
2024-10-13 22:45:47,093 - question_page - INFO - 拼音相似度: 0.375
2024-10-13 22:45:47,093 - question_page - INFO - 回答错误
2024-10-13 22:45:50,953 - question_page - INFO - 开始录音
2024-10-13 22:45:51,373 - question_page - DEBUG - 接收到音频数据，大小：8192 字节，音量：0.25830078125
2024-10-13 22:45:51,633 - question_page - DEBUG - 接收到音频数据，大小：8192 字节，音量：0.276611328125
2024-10-13 22:45:51,884 - question_page - DEBUG - 接收到音频数据，大小：8192 字节，音量：0.302001953125
2024-10-13 22:45:52,143 - question_page - DEBUG - 接收到音频数据，大小：8192 字节，音量：1.25
2024-10-13 22:45:52,398 - question_page - DEBUG - 接收到音频数据，大小：8192 字节，音量：4432.82470703125
2024-10-13 22:45:52,653 - question_page - DEBUG - 接收到音频数据，大小：8192 字节，音量：2200.88427734375
2024-10-13 22:45:52,913 - question_page - DEBUG - 接收到音频数据，大小：8192 字节，音量：526.661865234375
2024-10-13 22:45:53,163 - question_page - DEBUG - 接收到音频数据，大小：8192 字节，音量：527.37060546875
2024-10-13 22:45:53,424 - question_page - DEBUG - 接收到音频数据，大小：8192 字节，音量：16.79541015625
2024-10-13 22:45:53,679 - question_page - DEBUG - 接收到音频数据，大小：8192 字节，音量：1357.057861328125
2024-10-13 22:45:53,933 - question_page - DEBUG - 接收到音频数据，大小：8192 字节，音量：163.89453125
2024-10-13 22:45:54,193 - question_page - DEBUG - 接收到音频数据，大小：8192 字节，音量：411.06640625
2024-10-13 22:45:54,444 - question_page - DEBUG - 接收到音频数据，大小：8192 字节，音量：1452.79931640625
2024-10-13 22:45:54,565 - question_page - INFO - 停止录音
2024-10-13 22:45:54,724 - question_page - INFO - 音频数据大小: 106496 字节
2024-10-13 22:45:55,348 - question_page - INFO - 最终识别结果: {'text': '啊 比 不 和'}
2024-10-13 22:45:55,348 - question_page - INFO - 处理后的识别结果: 啊 比 不 和
2024-10-13 22:45:55,348 - question_page - INFO - 正确答案: 芭比不博
2024-10-13 22:45:55,348 - question_page - INFO - 用户回答: 啊 比 不 和
2024-10-13 22:45:55,348 - question_page - INFO - 识别文本拼音: a bi bu he
2024-10-13 22:45:55,348 - question_page - INFO - 正确答案拼音: babibubo
2024-10-13 22:45:55,348 - question_page - INFO - 拼音相似度: 0.5555555555555556
2024-10-13 22:45:55,348 - question_page - INFO - 回答错误
2024-10-13 22:46:02,198 - question_page - INFO - 开始录音
2024-10-13 22:46:02,617 - question_page - DEBUG - 接收到音频数据，大小：8192 字节，音量：1.11181640625
2024-10-13 22:46:02,876 - question_page - DEBUG - 接收到音频数据，大小：8192 字节，音量：0.518310546875
2024-10-13 22:46:03,125 - question_page - DEBUG - 接收到音频数据，大小：8192 字节，音量：0.231689453125
2024-10-13 22:46:03,385 - question_page - DEBUG - 接收到音频数据，大小：8192 字节，音量：0.230224609375
2024-10-13 22:46:03,642 - question_page - DEBUG - 接收到音频数据，大小：8192 字节，音量：1817.52392578125
2024-10-13 22:46:03,896 - question_page - DEBUG - 接收到音频数据，大小：8192 字节，音量：2142.626220703125
2024-10-13 22:46:04,156 - question_page - DEBUG - 接收到音频数据，大小：8192 字节，音量：188.8408203125
2024-10-13 22:46:04,406 - question_page - DEBUG - 接收到音频数据，大小：8192 字节，音量：303.79736328125
2024-10-13 22:46:04,666 - question_page - DEBUG - 接收到音频数据，大小：8192 字节，音量：301.651611328125
2024-10-13 22:46:04,922 - question_page - DEBUG - 接收到音频数据，大小：8192 字节，音量：0.243408203125
2024-10-13 22:46:05,176 - question_page - DEBUG - 接收到音频数据，大小：8192 字节，音量：14.342529296875
2024-10-13 22:46:05,436 - question_page - DEBUG - 接收到音频数据，大小：8192 字节，音量：1002.5283203125
2024-10-13 22:46:05,686 - question_page - DEBUG - 接收到音频数据，大小：8192 字节，音量：37.668701171875
2024-10-13 22:46:05,946 - question_page - DEBUG - 接收到音频数据，大小：8192 字节，音量：0.242431640625
2024-10-13 22:46:06,202 - question_page - DEBUG - 接收到音频数据，大小：8192 字节，音量：731.36767578125
2024-10-13 22:46:06,451 - question_page - INFO - 停止录音
2024-10-13 22:46:06,484 - question_page - INFO - 音频数据大小: 122880 字节
2024-10-13 22:46:06,845 - question_page - INFO - 最终识别结果: {'text': '啊 比 我'}
2024-10-13 22:46:06,845 - question_page - INFO - 处理后的识别结果: 啊 比 我
2024-10-13 22:46:06,845 - question_page - INFO - 正确答案: 芭比不博
2024-10-13 22:46:06,845 - question_page - INFO - 用户回答: 啊 比 我
2024-10-13 22:46:06,846 - question_page - INFO - 识别文本拼音: a bi wo
2024-10-13 22:46:06,846 - question_page - INFO - 正确答案拼音: babibubo
2024-10-13 22:46:06,846 - question_page - INFO - 拼音相似度: 0.5333333333333333
2024-10-13 22:46:06,846 - question_page - INFO - 回答错误
2024-10-13 22:59:11,041 - question_page - INFO - Vosk模型初始化成功
2024-10-13 22:59:11,389 - question_page - INFO - UI初始化完成
2024-10-13 22:59:11,846 - question_page - INFO - Vosk模型初始化成功
2024-10-13 22:59:11,881 - question_page - INFO - UI初始化完成
2024-10-13 22:59:12,344 - question_page - INFO - Vosk模型初始化成功
2024-10-13 22:59:12,376 - question_page - INFO - UI初始化完成
2024-10-13 23:16:21,165 - question_page - INFO - Vosk模型初始化成功
2024-10-13 23:16:21,468 - question_page - INFO - UI初始化完成
2024-10-13 23:16:21,942 - question_page - INFO - Vosk模型初始化成功
2024-10-13 23:16:21,981 - question_page - INFO - UI初始化完成
2024-10-13 23:16:22,434 - question_page - INFO - Vosk模型初始化成功
2024-10-13 23:16:22,464 - question_page - INFO - UI初始化完成
2024-10-14 15:23:46,416 - question_page - INFO - Vosk模型初始化成功
2024-10-14 15:23:46,981 - question_page - INFO - UI初始化完成
2024-10-14 15:23:47,345 - question_page - INFO - Vosk模型初始化成功
2024-10-14 15:23:47,368 - question_page - INFO - UI初始化完成
2024-10-14 15:23:53,976 - question_page - INFO - 开始录音
2024-10-14 15:23:54,617 - question_page - DEBUG - 接收到音频数据，大小：8192 字节，音量：0.281982421875
2024-10-14 15:23:54,810 - question_page - DEBUG - 接收到音频数据，大小：8192 字节，音量：0.232421875
2024-10-14 15:23:55,061 - question_page - DEBUG - 接收到音频数据，大小：8192 字节，音量：0.229248046875
2024-10-14 15:23:55,320 - question_page - DEBUG - 接收到音频数据，大小：8192 字节，音量：0.22900390625
2024-10-14 15:23:55,575 - question_page - DEBUG - 接收到音频数据，大小：8192 字节，音量：0.229248046875
2024-10-14 15:23:55,831 - question_page - DEBUG - 接收到音频数据，大小：8192 字节，音量：0.22998046875
2024-10-14 15:23:56,090 - question_page - DEBUG - 接收到音频数据，大小：8192 字节，音量：0.2294921875
2024-10-14 15:23:56,340 - question_page - DEBUG - 接收到音频数据，大小：8192 字节，音量：0.229248046875
2024-10-14 15:23:56,551 - question_page - INFO - 停止录音
2024-10-14 15:23:56,640 - question_page - INFO - 音频数据大小: 65536 字节
2024-10-14 15:23:57,159 - question_page - INFO - 最终识别结果: {'text': ''}
2024-10-14 15:23:57,159 - question_page - WARNING - 无法识别语音
2024-10-14 15:28:26,855 - question_page - INFO - Vosk模型初始化成功
2024-10-14 15:28:27,232 - question_page - INFO - UI初始化完成
2024-10-14 15:28:27,587 - question_page - INFO - Vosk模型初始化成功
2024-10-14 15:28:27,617 - question_page - INFO - UI初始化完成
2024-10-14 15:28:27,988 - question_page - INFO - Vosk模型初始化成功
2024-10-14 15:28:28,037 - question_page - INFO - UI初始化完成
2024-10-14 15:28:33,453 - question_page - INFO - 开始录音
2024-10-14 15:28:34,057 - question_page - DEBUG - 接收到音频数据，大小：8192 字节，音量：0.269287109375
2024-10-14 15:28:34,256 - question_page - DEBUG - 接收到音频数据，大小：8192 字节，音量：0.231201171875
2024-10-14 15:28:34,507 - question_page - DEBUG - 接收到音频数据，大小：8192 字节，音量：0.2294921875
2024-10-14 15:28:34,767 - question_page - DEBUG - 接收到音频数据，大小：8192 字节，音量：0.228759765625
2024-10-14 15:28:35,023 - question_page - DEBUG - 接收到音频数据，大小：8192 字节，音量：0.2294921875
2024-10-14 15:28:35,098 - question_page - INFO - 停止录音
2024-10-14 15:28:35,310 - question_page - INFO - 音频数据大小: 40960 字节
2024-10-14 15:28:35,845 - question_page - INFO - 最终识别结果: {'text': ''}
2024-10-14 15:28:35,845 - question_page - WARNING - 无法识别语音
2024-10-14 15:28:38,497 - question_page - INFO - 开始录音
2024-10-14 15:28:38,991 - question_page - DEBUG - 接收到音频数据，大小：8192 字节，音量：1.91845703125
2024-10-14 15:28:39,252 - question_page - DEBUG - 接收到音频数据，大小：8192 字节，音量：0.5107421875
2024-10-14 15:28:39,503 - question_page - DEBUG - 接收到音频数据，大小：8192 字节，音量：2.09716796875
2024-10-14 15:28:39,762 - question_page - DEBUG - 接收到音频数据，大小：8192 字节，音量：6123.5712890625
2024-10-14 15:28:40,017 - question_page - DEBUG - 接收到音频数据，大小：8192 字节，音量：7305.798828125
2024-10-14 15:28:40,110 - question_page - INFO - 停止录音
2024-10-14 15:28:40,305 - question_page - INFO - 音频数据大小: 40960 字节
2024-10-14 15:28:40,458 - question_page - INFO - 最终识别结果: {'text': '啊'}
2024-10-14 15:28:40,458 - question_page - INFO - 处理后的识别结果: 啊
2024-10-14 15:28:40,458 - question_page - INFO - 正确答案: 啊
2024-10-14 15:28:40,458 - question_page - INFO - 用户回答: 啊
2024-10-14 15:28:40,459 - question_page - INFO - 识别文本拼音: a
2024-10-14 15:28:40,459 - question_page - INFO - 正确答案拼音: a
2024-10-14 15:28:40,459 - question_page - INFO - 拼音相似度: 1.0
2024-10-14 15:28:40,459 - question_page - INFO - 回答正确
2024-10-14 15:28:50,661 - question_page - INFO - 开始录音
2024-10-14 15:28:51,176 - question_page - DEBUG - 接收到音频数据，大小：8192 字节，音量：0.307373046875
2024-10-14 15:28:51,436 - question_page - DEBUG - 接收到音频数据，大小：8192 字节，音量：0.280029296875
2024-10-14 15:28:51,686 - question_page - DEBUG - 接收到音频数据，大小：8192 字节，音量：2990.2041015625
2024-10-14 15:28:51,946 - question_page - DEBUG - 接收到音频数据，大小：8192 字节，音量：1634.7890625
2024-10-14 15:28:52,201 - question_page - DEBUG - 接收到音频数据，大小：8192 字节，音量：816.58642578125
2024-10-14 15:28:52,456 - question_page - DEBUG - 接收到音频数据，大小：8192 字节，音量：899.720458984375
2024-10-14 15:28:52,513 - question_page - INFO - 停止录音
2024-10-14 15:28:52,753 - question_page - INFO - 音频数据大小: 49152 字节
2024-10-14 15:28:53,324 - question_page - INFO - 最终识别结果: {'text': '啊 比 不 薄'}
2024-10-14 15:28:53,324 - question_page - INFO - 处理后的识别结果: 啊 比 不 薄
2024-10-14 15:28:53,324 - question_page - INFO - 正确答案: 芭比不博
2024-10-14 15:28:53,324 - question_page - INFO - 用户回答: 啊 比 不 薄
2024-10-14 15:28:53,325 - question_page - INFO - 识别文本拼音: a bi bu bao
2024-10-14 15:28:53,325 - question_page - INFO - 正确答案拼音: babibubo
2024-10-14 15:28:53,325 - question_page - INFO - 拼音相似度: 0.7368421052631579
2024-10-14 15:28:53,325 - question_page - INFO - 回答错误
